2014.09.03 22:17 B D:\xampp\htdocs\projects\languagelearn\css\images\active-nav-border.png --> ftp.unitedservicebd.com /public_html/japan/css/images active-nav-border.png
2014.09.03 22:17 B D:\xampp\htdocs\projects\languagelearn\css\images\blue-btn-mobile.png --> ftp.unitedservicebd.com /public_html/japan/css/images blue-btn-mobile.png
2014.09.03 22:17 B D:\xampp\htdocs\projects\languagelearn\css\images\blue-btn.png --> ftp.unitedservicebd.com /public_html/japan/css/images blue-btn.png
2014.09.03 22:17 B D:\xampp\htdocs\projects\languagelearn\css\images\blue-btn2@x.png --> ftp.unitedservicebd.com /public_html/japan/css/images blue-btn2@x.png
2014.09.03 22:17 B D:\xampp\htdocs\projects\languagelearn\css\images\body.png --> ftp.unitedservicebd.com /public_html/japan/css/images body.png
2014.09.03 22:17 B D:\xampp\htdocs\projects\languagelearn\css\images\bullet-footer-col.png --> ftp.unitedservicebd.com /public_html/japan/css/images bullet-footer-col.png
2014.09.03 22:17 B D:\xampp\htdocs\projects\languagelearn\css\images\bullet.png --> ftp.unitedservicebd.com /public_html/japan/css/images bullet.png
2014.09.03 22:17 B D:\xampp\htdocs\projects\languagelearn\css\images\col-separator.png --> ftp.unitedservicebd.com /public_html/japan/css/images col-separator.png
2014.09.03 22:18 B D:\xampp\htdocs\projects\languagelearn\css\images\cols-img.png --> ftp.unitedservicebd.com /public_html/japan/css/images cols-img.png
2014.09.03 22:18 B D:\xampp\htdocs\projects\languagelearn\css\images\cols-img2.png --> ftp.unitedservicebd.com /public_html/japan/css/images cols-img2.png
2014.09.03 22:18 B D:\xampp\htdocs\projects\languagelearn\css\images\cols-img3.png --> ftp.unitedservicebd.com /public_html/japan/css/images cols-img3.png
2014.09.03 22:18 B D:\xampp\htdocs\projects\languagelearn\css\images\control-nav-bg.png --> ftp.unitedservicebd.com /public_html/japan/css/images control-nav-bg.png
2014.09.03 22:18 B D:\xampp\htdocs\projects\languagelearn\css\images\control-nav-mobile.png --> ftp.unitedservicebd.com /public_html/japan/css/images control-nav-mobile.png
2014.09.03 22:18 B D:\xampp\htdocs\projects\languagelearn\css\images\control-nav.png --> ftp.unitedservicebd.com /public_html/japan/css/images control-nav.png
2014.09.03 22:18 B D:\xampp\htdocs\projects\languagelearn\css\images\convocation.png --> ftp.unitedservicebd.com /public_html/japan/css/images convocation.png
2014.09.03 22:18 B D:\xampp\htdocs\projects\languagelearn\css\images\favicon.ico --> ftp.unitedservicebd.com /public_html/japan/css/images favicon.ico
2014.09.03 22:18 B D:\xampp\htdocs\projects\languagelearn\css\images\footer-cols.png --> ftp.unitedservicebd.com /public_html/japan/css/images footer-cols.png
2014.09.03 22:18 B D:\xampp\htdocs\projects\languagelearn\css\images\footer-nav-border.png --> ftp.unitedservicebd.com /public_html/japan/css/images footer-nav-border.png
2014.09.03 22:18 B D:\xampp\htdocs\projects\languagelearn\css\images\globe.png --> ftp.unitedservicebd.com /public_html/japan/css/images globe.png
2014.09.03 22:18 B D:\xampp\htdocs\projects\languagelearn\css\images\header-@2x.png --> ftp.unitedservicebd.com /public_html/japan/css/images header-@2x.png
2014.09.03 22:18 B D:\xampp\htdocs\projects\languagelearn\css\images\header-cnt.png --> ftp.unitedservicebd.com /public_html/japan/css/images header-cnt.png
2014.09.03 22:18 B D:\xampp\htdocs\projects\languagelearn\css\images\header-mobile.png --> ftp.unitedservicebd.com /public_html/japan/css/images header-mobile.png
2014.09.03 22:18 B D:\xampp\htdocs\projects\languagelearn\css\images\header-tablet.png --> ftp.unitedservicebd.com /public_html/japan/css/images header-tablet.png
2014.09.03 22:18 B D:\xampp\htdocs\projects\languagelearn\css\images\header.png --> ftp.unitedservicebd.com /public_html/japan/css/images header.png
2014.09.03 22:18 B D:\xampp\htdocs\projects\languagelearn\css\images\i-img.png --> ftp.unitedservicebd.com /public_html/japan/css/images i-img.png
2014.09.03 22:18 B D:\xampp\htdocs\projects\languagelearn\css\images\japanflag.png --> ftp.unitedservicebd.com /public_html/japan/css/images japanflag.png
2014.09.03 22:18 B D:\xampp\htdocs\projects\languagelearn\css\images\join-us.png --> ftp.unitedservicebd.com /public_html/japan/css/images join-us.png
2014.09.03 22:18 B D:\xampp\htdocs\projects\languagelearn\css\images\login-btn.png --> ftp.unitedservicebd.com /public_html/japan/css/images login-btn.png
2014.09.03 22:19 B D:\xampp\htdocs\projects\languagelearn\css\images\logo-@2x.png --> ftp.unitedservicebd.com /public_html/japan/css/images logo-@2x.png
2014.09.03 22:19 B D:\xampp\htdocs\projects\languagelearn\css\images\logo-mobile.png --> ftp.unitedservicebd.com /public_html/japan/css/images logo-mobile.png
2014.09.03 22:19 B D:\xampp\htdocs\projects\languagelearn\css\images\logo-tablet.png --> ftp.unitedservicebd.com /public_html/japan/css/images logo-tablet.png
2014.09.03 22:19 B D:\xampp\htdocs\projects\languagelearn\css\images\logo.png --> ftp.unitedservicebd.com /public_html/japan/css/images logo.png
2014.09.03 22:19 B D:\xampp\htdocs\projects\languagelearn\css\images\main-shadow-bottom.png --> ftp.unitedservicebd.com /public_html/japan/css/images main-shadow-bottom.png
2014.09.03 22:19 B D:\xampp\htdocs\projects\languagelearn\css\images\main-shadow.png --> ftp.unitedservicebd.com /public_html/japan/css/images main-shadow.png
2014.09.03 22:19 B D:\xampp\htdocs\projects\languagelearn\css\images\mobile-section-shadow.png --> ftp.unitedservicebd.com /public_html/japan/css/images mobile-section-shadow.png
2014.09.03 22:19 B D:\xampp\htdocs\projects\languagelearn\css\images\mobile-section-shadow@2x.png --> ftp.unitedservicebd.com /public_html/japan/css/images mobile-section-shadow@2x.png
2014.09.03 22:19 B D:\xampp\htdocs\projects\languagelearn\css\images\nav-arr-active.png --> ftp.unitedservicebd.com /public_html/japan/css/images nav-arr-active.png
2014.09.03 22:19 B D:\xampp\htdocs\projects\languagelearn\css\images\nav-arr.png --> ftp.unitedservicebd.com /public_html/japan/css/images nav-arr.png
2014.09.03 22:19 B D:\xampp\htdocs\projects\languagelearn\css\images\nav-arr@2x.png --> ftp.unitedservicebd.com /public_html/japan/css/images nav-arr@2x.png
2014.09.03 22:19 B D:\xampp\htdocs\projects\languagelearn\css\images\pic.jpg --> ftp.unitedservicebd.com /public_html/japan/css/images pic.jpg
2014.09.03 22:19 B D:\xampp\htdocs\projects\languagelearn\css\images\pic1.jpg --> ftp.unitedservicebd.com /public_html/japan/css/images pic1.jpg
2014.09.03 22:19 B D:\xampp\htdocs\projects\languagelearn\css\images\post-img.png --> ftp.unitedservicebd.com /public_html/japan/css/images post-img.png
2014.09.03 22:19 B D:\xampp\htdocs\projects\languagelearn\css\images\post-img2.png --> ftp.unitedservicebd.com /public_html/japan/css/images post-img2.png
2014.09.03 22:19 B D:\xampp\htdocs\projects\languagelearn\css\images\post-img3.png --> ftp.unitedservicebd.com /public_html/japan/css/images post-img3.png
2014.09.03 22:19 B D:\xampp\htdocs\projects\languagelearn\css\images\section-shadow.png --> ftp.unitedservicebd.com /public_html/japan/css/images section-shadow.png
2014.09.03 22:19 B D:\xampp\htdocs\projects\languagelearn\css\images\sidebar-list-border.png --> ftp.unitedservicebd.com /public_html/japan/css/images sidebar-list-border.png
2014.09.03 22:19 B D:\xampp\htdocs\projects\languagelearn\css\images\slide-img.png --> ftp.unitedservicebd.com /public_html/japan/css/images slide-img.png
2014.09.03 22:19 B D:\xampp\htdocs\projects\languagelearn\css\images\slider-mobile.png --> ftp.unitedservicebd.com /public_html/japan/css/images slider-mobile.png
2014.09.03 22:19 B D:\xampp\htdocs\projects\languagelearn\css\images\slider-mobile@2x.png --> ftp.unitedservicebd.com /public_html/japan/css/images slider-mobile@2x.png
2014.09.03 22:20 B D:\xampp\htdocs\projects\languagelearn\css\images\slider-tablet.png --> ftp.unitedservicebd.com /public_html/japan/css/images slider-tablet.png
2014.09.03 22:20 B D:\xampp\htdocs\projects\languagelearn\css\images\slider.png --> ftp.unitedservicebd.com /public_html/japan/css/images slider.png
2014.09.03 22:20 B D:\xampp\htdocs\projects\languagelearn\css\images\slider1.png --> ftp.unitedservicebd.com /public_html/japan/css/images slider1.png
2014.09.03 22:20 B D:\xampp\htdocs\projects\languagelearn\css\images\tablet-section-shadow.png --> ftp.unitedservicebd.com /public_html/japan/css/images tablet-section-shadow.png
2014.09.03 22:20 B D:\xampp\htdocs\projects\languagelearn\css\images\top-nav-shadow.png --> ftp.unitedservicebd.com /public_html/japan/css/images top-nav-shadow.png
2014.09.03 22:20 B D:\xampp\htdocs\projects\languagelearn\css\images\ukflag.png --> ftp.unitedservicebd.com /public_html/japan/css/images ukflag.png
2014.09.03 22:20 B D:\xampp\htdocs\projects\languagelearn\css\images\user.png --> ftp.unitedservicebd.com /public_html/japan/css/images user.png
